{"/Users/jonathannacionales/Code/scratchpad/node_stuff/stryker-poc/src/index.js":{"path":"/Users/jonathannacionales/Code/scratchpad/node_stuff/stryker-poc/src/index.js","statementMap":{"0":{"start":{"line":3,"column":0},"end":{"line":5,"column":3}},"1":{"start":{"line":6,"column":0},"end":{"line":6,"column":18}},"2":{"start":{"line":7,"column":0},"end":{"line":7,"column":30}},"3":{"start":{"line":10,"column":2},"end":{"line":10,"column":25}},"4":{"start":{"line":14,"column":2},"end":{"line":14,"column":15}}},"fnMap":{"0":{"name":"add","decl":{"start":{"line":9,"column":9},"end":{"line":9,"column":12}},"loc":{"start":{"line":9,"column":19},"end":{"line":11,"column":1}},"line":9},"1":{"name":"getAnswer","decl":{"start":{"line":13,"column":9},"end":{"line":13,"column":18}},"loc":{"start":{"line":13,"column":25},"end":{"line":15,"column":1}},"line":13}},"branchMap":{},"s":{"0":1,"1":1,"2":1,"3":1,"4":1},"f":{"0":1,"1":1},"b":{},"inputSourceMap":{"version":3,"sources":["index.js"],"names":["add","x","y","getAnswer"],"mappings":";;;;;;;;AAAO,SAASA,GAAT,CAAaC,CAAb,EAAeC,CAAf,EACP;AACI,SAAOC,SAAS,CAACF,CAAD,EAAGC,CAAH,CAAhB;AACH;;AAEM,SAASC,SAAT,CAAmBF,CAAnB,EAAqBC,CAArB,EACP;AACI,SAAOD,CAAC,GAAGC,CAAX;AACH","sourceRoot":"/Users/jonathannacionales/Code/scratchpad/node_stuff/stryker-poc/src/","sourcesContent":["export function add(x,y)\n{\n    return getAnswer(x,y);\n}\n\nexport function getAnswer(x,y)\n{\n    return x + y;\n}"]},"_coverageSchema":"1a1c01bbd47fc00a2c39e90264f33305004495a9","hash":"66c33a57b5d46952dedb0188362e99668bf1ce87","contentHash":"4e3737b5ba4821ae9c82a46f2137471a99de090b6d288cb46fc0b3497cc44ab8"}}